<?xml version="1.0" encoding="UTF-8"?>
<!-- Generated by org.testng.reporters.JUnitReportReporter -->
<testsuite hostname="BINTERNS-QA25L" failures="0" tests="1" name="tests.Login_Page_Test" time="7.558" errors="0" timestamp="2023-05-12T13:02:37 IST" skipped="0">
  <testcase classname="tests.Login_Page_Test" name="valid_login" time="7.558"/>
  <system-out/>
</testsuite> <!-- tests.Login_Page_Test -->
