<?xml version="1.0" encoding="UTF-8"?>
<!-- Generated by org.testng.reporters.JUnitReportReporter -->
<testsuite hostname="BINTERNS-QA25L" failures="0" tests="1" name="tests.Pop_up" time="0.006" errors="0" timestamp="2023-05-01T15:32:14 IST" skipped="0">
  <testcase classname="tests.Pop_up" name="abc" time="0.006"/>
  <system-out/>
</testsuite> <!-- tests.Pop_up -->
