<?xml version="1.0" encoding="UTF-8"?>
<!-- Generated by org.testng.reporters.JUnitReportReporter -->
<testsuite hostname="BINTERNS-QA25L" failures="0" tests="4" name="tests.Orders_Page_Test" time="4.517" errors="0" timestamp="2023-05-12T13:02:37 IST" skipped="0">
  <testcase classname="tests.Orders_Page_Test" name="Login" time="0.015"/>
  <system-out/>
  <testcase classname="tests.Orders_Page_Test" name="Dashboard_Heading" time="0.036"/>
  <system-out/>
  <testcase classname="tests.Orders_Page_Test" name="Sales_Icon_Click_and_Order_Page" time="4.313"/>
  <system-out/>
  <testcase classname="tests.Orders_Page_Test" name="Verifying_Product_Count" time="0.153"/>
  <system-out/>
</testsuite> <!-- tests.Orders_Page_Test -->
