<?xml version="1.0" encoding="UTF-8"?>
<!-- Generated by org.testng.reporters.JUnitReportReporter -->
<testsuite hostname="BINTERNS-QA25L" failures="0" tests="11" name="tests.Product_Drop_Down_List_Test" time="19.758" errors="0" timestamp="2023-05-10T19:13:01 IST" skipped="0">
  <testcase classname="tests.Product_Drop_Down_List_Test" name="Login" time="0.013"/>
  <system-out/>
  <testcase classname="tests.Product_Drop_Down_List_Test" name="Dashboard_Heading" time="0.029"/>
  <system-out/>
  <testcase classname="tests.Product_Drop_Down_List_Test" name="Catalog_Icon_Click_and_Product_Page" time="1.418"/>
  <system-out/>
  <testcase classname="tests.Product_Drop_Down_List_Test" name="Add_New_Product_Button" time="6.279"/>
  <system-out/>
  <testcase classname="tests.Product_Drop_Down_List_Test" name="Product_Search_and_Select_Checkbox" time="3.470"/>
  <system-out/>
  <testcase classname="tests.Product_Drop_Down_List_Test" name="Product_image_upload" time="1.260"/>
  <system-out/>
  <testcase classname="tests.Product_Drop_Down_List_Test" name="Product_updated_successfully" time="1.468"/>
  <system-out/>
  <testcase classname="tests.Product_Drop_Down_List_Test" name="Catalog_PDF_Download" time="0.750"/>
  <system-out/>
  <testcase classname="tests.Product_Drop_Down_List_Test" name="Export_button" time="0.794"/>
  <system-out/>
  <testcase classname="tests.Product_Drop_Down_List_Test" name="Delete_Button" time="2.390"/>
  <system-out/>
  <testcase classname="tests.Product_Drop_Down_List_Test" name="Log_Out" time="1.887"/>
  <system-out/>
</testsuite> <!-- tests.Product_Drop_Down_List_Test -->
